# JRE version: 7.0_09-b05
# Java VM: Java HotSpot(TM) Client VM (23.5-b02 mixed mode windows-x86 )
Heap
 def new generation   total 4928K, used 3919K [0x22aa0000, 0x22ff0000, 0x27ff0000)
  eden space 4416K,  77% used [0x22aa0000, 0x22df3f80, 0x22ef0000)
  from space 512K, 100% used [0x22f70000, 0x22ff0000, 0x22ff0000)
  to   space 512K,   0% used [0x22ef0000, 0x22ef0000, 0x22f70000)
 tenured generation   total 10944K, used 7299K [0x27ff0000, 0x28aa0000, 0x32aa0000)
   the space 10944K,  66% used [0x27ff0000, 0x28710e68, 0x28711000, 0x28aa0000)
 compacting perm gen  total 12288K, used 5577K [0x32aa0000, 0x336a0000, 0x36aa0000)
   the space 12288K,  45% used [0x32aa0000, 0x33012630, 0x33012800, 0x336a0000)
GC Heap History (10 events):
Event: 480.580 GC heap before
{Heap before GC invocations=2 (full 0):
 def new generation   total 4928K, used 4903K [0x22aa0000, 0x22ff0000, 0x27ff0000)
  eden space 4416K,  99% used [0x22aa0000, 0x22ee9df8, 0x22ef0000)
  from space 512K,  99% used [0x22ef0000, 0x22f6fff8, 0x22f70000)
  to   space 512K,   0% used [0x22f70000, 0x22f70000, 0x22ff0000)
 tenured generation   total 10944K, used 1529K [0x27ff0000, 0x28aa0000, 0x32aa0000)
   the space 10944K,  13% used [0x27ff0000, 0x2816e7b8, 0x2816e800, 0x28aa0000)
 compacting perm gen  total 12288K, used 4328K [0x32aa0000, 0x336a0000, 0x36aa0000)
   the space 12288K,  35% used [0x32aa0000, 0x32eda2c0, 0x32eda400, 0x336a0000)
No shared spaces configured.
Event: 480.586 GC heap after
Heap after GC invocations=3 (full 0):
 def new generation   total 4928K, used 512K [0x22aa0000, 0x22ff0000, 0x27ff0000)
  eden space 4416K,   0% used [0x22aa0000, 0x22aa0000, 0x22ef0000)
  from space 512K, 100% used [0x22f70000, 0x22ff0000, 0x22ff0000)
  to   space 512K,   0% used [0x22ef0000, 0x22ef0000, 0x22f70000)
 tenured generation   total 10944K, used 2196K [0x27ff0000, 0x28aa0000, 0x32aa0000)
   the space 10944K,  20% used [0x27ff0000, 0x28215028, 0x28215200, 0x28aa0000)
 compacting perm gen  total 12288K, used 4328K [0x32aa0000, 0x336a0000, 0x36aa0000)
   the space 12288K,  35% used [0x32aa0000, 0x32eda2c0, 0x32eda400, 0x336a0000)
No shared spaces configured.
}
Event: 542.107 GC heap before
{Heap before GC invocations=3 (full 0):
 def new generation   total 4928K, used 4928K [0x22aa0000, 0x22ff0000, 0x27ff0000)
  eden space 4416K, 100% used [0x22aa0000, 0x22ef0000, 0x22ef0000)
  from space 512K, 100% used [0x22f70000, 0x22ff0000, 0x22ff0000)
  to   space 512K,   0% used [0x22ef0000, 0x22ef0000, 0x22f70000)
 tenured generation   total 10944K, used 2196K [0x27ff0000, 0x28aa0000, 0x32aa0000)
   the space 10944K,  20% used [0x27ff0000, 0x28215028, 0x28215200, 0x28aa0000)
 compacting perm gen  total 12288K, used 4784K [0x32aa0000, 0x336a0000, 0x36aa0000)
   the space 12288K,  38% used [0x32aa0000, 0x32f4c140, 0x32f4c200, 0x336a0000)
No shared spaces configured.
Event: 542.114 GC heap after
Heap after GC invocations=4 (full 0):
 def new generation   total 4928K, used 512K [0x22aa0000, 0x22ff0000, 0x27ff0000)
  eden space 4416K,   0% used [0x22aa0000, 0x22aa0000, 0x22ef0000)
  from space 512K, 100% used [0x22ef0000, 0x22f70000, 0x22f70000)
  to   space 512K,   0% used [0x22f70000, 0x22f70000, 0x22ff0000)
 tenured generation   total 10944K, used 3419K [0x27ff0000, 0x28aa0000, 0x32aa0000)
   the space 10944K,  31% used [0x27ff0000, 0x28346c40, 0x28346e00, 0x28aa0000)
 compacting perm gen  total 12288K, used 4784K [0x32aa0000, 0x336a0000, 0x36aa0000)
   the space 12288K,  38% used [0x32aa0000, 0x32f4c140, 0x32f4c200, 0x336a0000)
No shared spaces configured.
}
Event: 561.588 GC heap before
{Heap before GC invocations=4 (full 0):
 def new generation   total 4928K, used 4928K [0x22aa0000, 0x22ff0000, 0x27ff0000)
  eden space 4416K, 100% used [0x22aa0000, 0x22ef0000, 0x22ef0000)
  from space 512K, 100% used [0x22ef0000, 0x22f70000, 0x22f70000)
  to   space 512K,   0% used [0x22f70000, 0x22f70000, 0x22ff0000)
 tenured generation   total 10944K, used 3419K [0x27ff0000, 0x28aa0000, 0x32aa0000)
   the space 10944K,  31% used [0x27ff0000, 0x28346c40, 0x28346e00, 0x28aa0000)
 compacting perm gen  total 12288K, used 5104K [0x32aa0000, 0x336a0000, 0x36aa0000)
   the space 12288K,  41% used [0x32aa0000, 0x32f9c318, 0x32f9c400, 0x336a0000)
No shared spaces configured.
Event: 561.599 GC heap after
Heap after GC invocations=5 (full 0):
 def new generation   total 4928K, used 512K [0x22aa0000, 0x22ff0000, 0x27ff0000)
  eden space 4416K,   0% used [0x22aa0000, 0x22aa0000, 0x22ef0000)
  from space 512K, 100% used [0x22f70000, 0x22ff0000, 0x22ff0000)
  to   space 512K,   0% used [0x22ef0000, 0x22ef0000, 0x22f70000)
 tenured generation   total 10944K, used 4770K [0x27ff0000, 0x28aa0000, 0x32aa0000)
   the space 10944K,  43% used [0x27ff0000, 0x28498b20, 0x28498c00, 0x28aa0000)
 compacting perm gen  total 12288K, used 5104K [0x32aa0000, 0x336a0000, 0x36aa0000)
   the space 12288K,  41% used [0x32aa0000, 0x32f9c318, 0x32f9c400, 0x336a0000)
No shared spaces configured.
}
Event: 565.695 GC heap before
{Heap before GC invocations=5 (full 0):
 def new generation   total 4928K, used 4928K [0x22aa0000, 0x22ff0000, 0x27ff0000)
  eden space 4416K, 100% used [0x22aa0000, 0x22ef0000, 0x22ef0000)
  from space 512K, 100% used [0x22f70000, 0x22ff0000, 0x22ff0000)
  to   space 512K,   0% used [0x22ef0000, 0x22ef0000, 0x22f70000)
 tenured generation   total 10944K, used 4770K [0x27ff0000, 0x28aa0000, 0x32aa0000)
   the space 10944K,  43% used [0x27ff0000, 0x28498b20, 0x28498c00, 0x28aa0000)
 compacting perm gen  total 12288K, used 5134K [0x32aa0000, 0x336a0000, 0x36aa0000)
   the space 12288K,  41% used [0x32aa0000, 0x32fa3bc8, 0x32fa3c00, 0x336a0000)
No shared spaces configured.
Event: 565.709 GC heap after
Heap after GC invocations=6 (full 0):
 def new generation   total 4928K, used 512K [0x22aa0000, 0x22ff0000, 0x27ff0000)
  eden space 4416K,   0% used [0x22aa0000, 0x22aa0000, 0x22ef0000)
  from space 512K, 100% used [0x22ef0000, 0x22f70000, 0x22f70000)
  to   space 512K,   0% used [0x22f70000, 0x22f70000, 0x22ff0000)
 tenured generation   total 10944K, used 6675K [0x27ff0000, 0x28aa0000, 0x32aa0000)
   the space 10944K,  60% used [0x27ff0000, 0x28674c98, 0x28674e00, 0x28aa0000)
 compacting perm gen  total 12288K, used 5134K [0x32aa0000, 0x336a0000, 0x36aa0000)
   the space 12288K,  41% used [0x32aa0000, 0x32fa3bc8, 0x32fa3c00, 0x336a0000)
No shared spaces configured.
}
Event: 580.500 GC heap before
{Heap before GC invocations=6 (full 0):
 def new generation   total 4928K, used 4928K [0x22aa0000, 0x22ff0000, 0x27ff0000)
  eden space 4416K, 100% used [0x22aa0000, 0x22ef0000, 0x22ef0000)
  from space 512K, 100% used [0x22ef0000, 0x22f70000, 0x22f70000)
  to   space 512K,   0% used [0x22f70000, 0x22f70000, 0x22ff0000)
 tenured generation   total 10944K, used 6675K [0x27ff0000, 0x28aa0000, 0x32aa0000)
   the space 10944K,  60% used [0x27ff0000, 0x28674c98, 0x28674e00, 0x28aa0000)
 compacting perm gen  total 12288K, used 5327K [0x32aa0000, 0x336a0000, 0x36aa0000)
   the space 12288K,  43% used [0x32aa0000, 0x32fd3e28, 0x32fd4000, 0x336a0000)
No shared spaces configured.
Event: 580.507 GC heap after
Heap after GC invocations=7 (full 0):
 def new generation   total 4928K, used 512K [0x22aa0000, 0x22ff0000, 0x27ff0000)
  eden space 4416K,   0% used [0x22aa0000, 0x22aa0000, 0x22ef0000)
  from space 512K, 100% used [0x22f70000, 0x22ff0000, 0x22ff0000)
  to   space 512K,   0% used [0x22ef0000, 0x22ef0000, 0x22f70000)
 tenured generation   total 10944K, used 7299K [0x27ff0000, 0x28aa0000, 0x32aa0000)
   the space 10944K,  66% used [0x27ff0000, 0x28710e68, 0x28711000, 0x28aa0000)
 compacting perm gen  total 12288K, used 5327K [0x32aa0000, 0x336a0000, 0x36aa0000)
   the space 12288K,  43% used [0x32aa0000, 0x32fd3e28, 0x32fd4000, 0x336a0000)
No shared spaces configured.
}

