# JRE version: 7.0_07-b11
# Java VM: Java HotSpot(TM) Client VM (23.3-b01 mixed mode, sharing windows-x86 )
Heap
 def new generation   total 4992K, used 1320K [0x22aa0000, 0x23000000, 0x27ff0000)
  eden space 4480K,  26% used [0x22aa0000, 0x22bcc8b8, 0x22f00000)
  from space 512K,  23% used [0x22f80000, 0x22f9d790, 0x23000000)
  to   space 512K,   0% used [0x22f00000, 0x22f00000, 0x22f80000)
 tenured generation   total 10944K, used 10544K [0x27ff0000, 0x28aa0000, 0x32aa0000)
   the space 10944K,  96% used [0x27ff0000, 0x28a3c168, 0x28a3c200, 0x28aa0000)
 compacting perm gen  total 12288K, used 6092K [0x32aa0000, 0x336a0000, 0x36aa0000)
   the space 12288K,  49% used [0x32aa0000, 0x33093178, 0x33093200, 0x336a0000)
    ro space 10240K,  42% used [0x36aa0000, 0x36edf150, 0x36edf200, 0x374a0000)
    rw space 12288K,  54% used [0x374a0000, 0x37b1fad8, 0x37b1fc00, 0x380a0000)
GC Heap History (10 events):
Event: 451.211 GC heap before
{Heap before GC invocations=22 (full 1):
 def new generation   total 4992K, used 4812K [0x22aa0000, 0x23000000, 0x27ff0000)
  eden space 4480K, 100% used [0x22aa0000, 0x22f00000, 0x22f00000)
  from space 512K,  65% used [0x22f00000, 0x22f53378, 0x22f80000)
  to   space 512K,   0% used [0x22f80000, 0x22f80000, 0x23000000)
 tenured generation   total 10944K, used 9571K [0x27ff0000, 0x28aa0000, 0x32aa0000)
   the space 10944K,  87% used [0x27ff0000, 0x28948db0, 0x28948e00, 0x28aa0000)
 compacting perm gen  total 12288K, used 6073K [0x32aa0000, 0x336a0000, 0x36aa0000)
   the space 12288K,  49% used [0x32aa0000, 0x3308e648, 0x3308e800, 0x336a0000)
    ro space 10240K,  42% used [0x36aa0000, 0x36edf150, 0x36edf200, 0x374a0000)
    rw space 12288K,  54% used [0x374a0000, 0x37b1fad8, 0x37b1fc00, 0x380a0000)
Event: 451.230 GC heap after
Heap after GC invocations=23 (full 1):
 def new generation   total 4992K, used 274K [0x22aa0000, 0x23000000, 0x27ff0000)
  eden space 4480K,   0% used [0x22aa0000, 0x22aa0000, 0x22f00000)
  from space 512K,  53% used [0x22f80000, 0x22fc49d0, 0x23000000)
  to   space 512K,   0% used [0x22f00000, 0x22f00000, 0x22f80000)
 tenured generation   total 10944K, used 9704K [0x27ff0000, 0x28aa0000, 0x32aa0000)
   the space 10944K,  88% used [0x27ff0000, 0x2896a2d8, 0x2896a400, 0x28aa0000)
 compacting perm gen  total 12288K, used 6073K [0x32aa0000, 0x336a0000, 0x36aa0000)
   the space 12288K,  49% used [0x32aa0000, 0x3308e648, 0x3308e800, 0x336a0000)
    ro space 10240K,  42% used [0x36aa0000, 0x36edf150, 0x36edf200, 0x374a0000)
    rw space 12288K,  54% used [0x374a0000, 0x37b1fad8, 0x37b1fc00, 0x380a0000)
}
Event: 456.463 GC heap before
{Heap before GC invocations=23 (full 1):
 def new generation   total 4992K, used 4753K [0x22aa0000, 0x23000000, 0x27ff0000)
  eden space 4480K,  99% used [0x22aa0000, 0x22effcd0, 0x22f00000)
  from space 512K,  53% used [0x22f80000, 0x22fc49d0, 0x23000000)
  to   space 512K,   0% used [0x22f00000, 0x22f00000, 0x22f80000)
 tenured generation   total 10944K, used 9704K [0x27ff0000, 0x28aa0000, 0x32aa0000)
   the space 10944K,  88% used [0x27ff0000, 0x2896a2d8, 0x2896a400, 0x28aa0000)
 compacting perm gen  total 12288K, used 6087K [0x32aa0000, 0x336a0000, 0x36aa0000)
   the space 12288K,  49% used [0x32aa0000, 0x33091e68, 0x33092000, 0x336a0000)
    ro space 10240K,  42% used [0x36aa0000, 0x36edf150, 0x36edf200, 0x374a0000)
    rw space 12288K,  54% used [0x374a0000, 0x37b1fad8, 0x37b1fc00, 0x380a0000)
Event: 456.465 GC heap after
Heap after GC invocations=24 (full 1):
 def new generation   total 4992K, used 277K [0x22aa0000, 0x23000000, 0x27ff0000)
  eden space 4480K,   0% used [0x22aa0000, 0x22aa0000, 0x22f00000)
  from space 512K,  54% used [0x22f00000, 0x22f45520, 0x22f80000)
  to   space 512K,   0% used [0x22f80000, 0x22f80000, 0x23000000)
 tenured generation   total 10944K, used 9750K [0x27ff0000, 0x28aa0000, 0x32aa0000)
   the space 10944K,  89% used [0x27ff0000, 0x28975a50, 0x28975c00, 0x28aa0000)
 compacting perm gen  total 12288K, used 6087K [0x32aa0000, 0x336a0000, 0x36aa0000)
   the space 12288K,  49% used [0x32aa0000, 0x33091e68, 0x33092000, 0x336a0000)
    ro space 10240K,  42% used [0x36aa0000, 0x36edf150, 0x36edf200, 0x374a0000)
    rw space 12288K,  54% used [0x374a0000, 0x37b1fad8, 0x37b1fc00, 0x380a0000)
}
Event: 460.919 GC heap before
{Heap before GC invocations=24 (full 1):
 def new generation   total 4992K, used 4756K [0x22aa0000, 0x23000000, 0x27ff0000)
  eden space 4480K,  99% used [0x22aa0000, 0x22effe48, 0x22f00000)
  from space 512K,  54% used [0x22f00000, 0x22f45520, 0x22f80000)
  to   space 512K,   0% used [0x22f80000, 0x22f80000, 0x23000000)
 tenured generation   total 10944K, used 9750K [0x27ff0000, 0x28aa0000, 0x32aa0000)
   the space 10944K,  89% used [0x27ff0000, 0x28975a50, 0x28975c00, 0x28aa0000)
 compacting perm gen  total 12288K, used 6087K [0x32aa0000, 0x336a0000, 0x36aa0000)
   the space 12288K,  49% used [0x32aa0000, 0x33091e98, 0x33092000, 0x336a0000)
    ro space 10240K,  42% used [0x36aa0000, 0x36edf150, 0x36edf200, 0x374a0000)
    rw space 12288K,  54% used [0x374a0000, 0x37b1fad8, 0x37b1fc00, 0x380a0000)
Event: 460.922 GC heap after
Heap after GC invocations=25 (full 1):
 def new generation   total 4992K, used 365K [0x22aa0000, 0x23000000, 0x27ff0000)
  eden space 4480K,   0% used [0x22aa0000, 0x22aa0000, 0x22f00000)
  from space 512K,  71% used [0x22f80000, 0x22fdb740, 0x23000000)
  to   space 512K,   0% used [0x22f00000, 0x22f00000, 0x22f80000)
 tenured generation   total 10944K, used 9830K [0x27ff0000, 0x28aa0000, 0x32aa0000)
   the space 10944K,  89% used [0x27ff0000, 0x289899e0, 0x28989a00, 0x28aa0000)
 compacting perm gen  total 12288K, used 6087K [0x32aa0000, 0x336a0000, 0x36aa0000)
   the space 12288K,  49% used [0x32aa0000, 0x33091e98, 0x33092000, 0x336a0000)
    ro space 10240K,  42% used [0x36aa0000, 0x36edf150, 0x36edf200, 0x374a0000)
    rw space 12288K,  54% used [0x374a0000, 0x37b1fad8, 0x37b1fc00, 0x380a0000)
}
Event: 465.384 GC heap before
{Heap before GC invocations=25 (full 1):
 def new generation   total 4992K, used 4845K [0x22aa0000, 0x23000000, 0x27ff0000)
  eden space 4480K, 100% used [0x22aa0000, 0x22f00000, 0x22f00000)
  from space 512K,  71% used [0x22f80000, 0x22fdb740, 0x23000000)
  to   space 512K,   0% used [0x22f00000, 0x22f00000, 0x22f80000)
 tenured generation   total 10944K, used 9830K [0x27ff0000, 0x28aa0000, 0x32aa0000)
   the space 10944K,  89% used [0x27ff0000, 0x289899e0, 0x28989a00, 0x28aa0000)
 compacting perm gen  total 12288K, used 6087K [0x32aa0000, 0x336a0000, 0x36aa0000)
   the space 12288K,  49% used [0x32aa0000, 0x33091ea8, 0x33092000, 0x336a0000)
    ro space 10240K,  42% used [0x36aa0000, 0x36edf150, 0x36edf200, 0x374a0000)
    rw space 12288K,  54% used [0x374a0000, 0x37b1fad8, 0x37b1fc00, 0x380a0000)
Event: 465.386 GC heap after
Heap after GC invocations=26 (full 1):
 def new generation   total 4992K, used 241K [0x22aa0000, 0x23000000, 0x27ff0000)
  eden space 4480K,   0% used [0x22aa0000, 0x22aa0000, 0x22f00000)
  from space 512K,  47% used [0x22f00000, 0x22f3c788, 0x22f80000)
  to   space 512K,   0% used [0x22f80000, 0x22f80000, 0x23000000)
 tenured generation   total 10944K, used 9963K [0x27ff0000, 0x28aa0000, 0x32aa0000)
   the space 10944K,  91% used [0x27ff0000, 0x289aac00, 0x289aac00, 0x28aa0000)
 compacting perm gen  total 12288K, used 6087K [0x32aa0000, 0x336a0000, 0x36aa0000)
   the space 12288K,  49% used [0x32aa0000, 0x33091ea8, 0x33092000, 0x336a0000)
    ro space 10240K,  42% used [0x36aa0000, 0x36edf150, 0x36edf200, 0x374a0000)
    rw space 12288K,  54% used [0x374a0000, 0x37b1fad8, 0x37b1fc00, 0x380a0000)
}
Event: 467.201 GC heap before
{Heap before GC invocations=26 (full 1):
 def new generation   total 4992K, used 4721K [0x22aa0000, 0x23000000, 0x27ff0000)
  eden space 4480K, 100% used [0x22aa0000, 0x22f00000, 0x22f00000)
  from space 512K,  47% used [0x22f00000, 0x22f3c788, 0x22f80000)
  to   space 512K,   0% used [0x22f80000, 0x22f80000, 0x23000000)
 tenured generation   total 10944K, used 9963K [0x27ff0000, 0x28aa0000, 0x32aa0000)
   the space 10944K,  91% used [0x27ff0000, 0x289aac00, 0x289aac00, 0x28aa0000)
 compacting perm gen  total 12288K, used 6087K [0x32aa0000, 0x336a0000, 0x36aa0000)
   the space 12288K,  49% used [0x32aa0000, 0x33091ed8, 0x33092000, 0x336a0000)
    ro space 10240K,  42% used [0x36aa0000, 0x36edf150, 0x36edf200, 0x374a0000)
    rw space 12288K,  54% used [0x374a0000, 0x37b1fad8, 0x37b1fc00, 0x380a0000)
Event: 467.203 GC heap after
Heap after GC invocations=27 (full 1):
 def new generation   total 4992K, used 117K [0x22aa0000, 0x23000000, 0x27ff0000)
  eden space 4480K,   0% used [0x22aa0000, 0x22aa0000, 0x22f00000)
  from space 512K,  23% used [0x22f80000, 0x22f9d790, 0x23000000)
  to   space 512K,   0% used [0x22f00000, 0x22f00000, 0x22f80000)
 tenured generation   total 10944K, used 10544K [0x27ff0000, 0x28aa0000, 0x32aa0000)
   the space 10944K,  96% used [0x27ff0000, 0x28a3c168, 0x28a3c200, 0x28aa0000)
 compacting perm gen  total 12288K, used 6087K [0x32aa0000, 0x336a0000, 0x36aa0000)
   the space 12288K,  49% used [0x32aa0000, 0x33091ed8, 0x33092000, 0x336a0000)
    ro space 10240K,  42% used [0x36aa0000, 0x36edf150, 0x36edf200, 0x374a0000)
    rw space 12288K,  54% used [0x374a0000, 0x37b1fad8, 0x37b1fc00, 0x380a0000)
}

