# JRE version: 7.0_09-b05
# Java VM: Java HotSpot(TM) Client VM (23.5-b02 mixed mode, sharing windows-x86 )
Heap
 def new generation   total 4992K, used 4005K [0x22aa0000, 0x23000000, 0x27ff0000)
  eden space 4480K,  77% used [0x22aa0000, 0x22e094a8, 0x22f00000)
  from space 512K, 100% used [0x22f80000, 0x23000000, 0x23000000)
  to   space 512K,   0% used [0x22f00000, 0x22f00000, 0x22f80000)
 tenured generation   total 10944K, used 8673K [0x27ff0000, 0x28aa0000, 0x32aa0000)
   the space 10944K,  79% used [0x27ff0000, 0x28868400, 0x28868400, 0x28aa0000)
 compacting perm gen  total 12288K, used 6046K [0x32aa0000, 0x336a0000, 0x36aa0000)
   the space 12288K,  49% used [0x32aa0000, 0x330878a8, 0x33087a00, 0x336a0000)
    ro space 10240K,  42% used [0x36aa0000, 0x36ee0348, 0x36ee0400, 0x374a0000)
    rw space 12288K,  54% used [0x374a0000, 0x37b206f0, 0x37b20800, 0x380a0000)
GC Heap History (10 events):
Event: 24.156 GC heap before
{Heap before GC invocations=12 (full 1):
 def new generation   total 4992K, used 4992K [0x22aa0000, 0x23000000, 0x27ff0000)
  eden space 4480K, 100% used [0x22aa0000, 0x22f00000, 0x22f00000)
  from space 512K, 100% used [0x22f00000, 0x22f80000, 0x22f80000)
  to   space 512K,   0% used [0x22f80000, 0x22f80000, 0x23000000)
 tenured generation   total 10944K, used 7486K [0x27ff0000, 0x28aa0000, 0x32aa0000)
   the space 10944K,  68% used [0x27ff0000, 0x2873fa80, 0x2873fc00, 0x28aa0000)
 compacting perm gen  total 12288K, used 5777K [0x32aa0000, 0x336a0000, 0x36aa0000)
   the space 12288K,  47% used [0x32aa0000, 0x33044428, 0x33044600, 0x336a0000)
    ro space 10240K,  42% used [0x36aa0000, 0x36ee0348, 0x36ee0400, 0x374a0000)
    rw space 12288K,  54% used [0x374a0000, 0x37b206f0, 0x37b20800, 0x380a0000)
Event: 24.160 GC heap after
Heap after GC invocations=13 (full 1):
 def new generation   total 4992K, used 512K [0x22aa0000, 0x23000000, 0x27ff0000)
  eden space 4480K,   0% used [0x22aa0000, 0x22aa0000, 0x22f00000)
  from space 512K, 100% used [0x22f80000, 0x23000000, 0x23000000)
  to   space 512K,   0% used [0x22f00000, 0x22f00000, 0x22f80000)
 tenured generation   total 10944K, used 7802K [0x27ff0000, 0x28aa0000, 0x32aa0000)
   the space 10944K,  71% used [0x27ff0000, 0x2878e9b8, 0x2878ea00, 0x28aa0000)
 compacting perm gen  total 12288K, used 5777K [0x32aa0000, 0x336a0000, 0x36aa0000)
   the space 12288K,  47% used [0x32aa0000, 0x33044428, 0x33044600, 0x336a0000)
    ro space 10240K,  42% used [0x36aa0000, 0x36ee0348, 0x36ee0400, 0x374a0000)
    rw space 12288K,  54% used [0x374a0000, 0x37b206f0, 0x37b20800, 0x380a0000)
}
Event: 46.699 GC heap before
{Heap before GC invocations=13 (full 1):
 def new generation   total 4992K, used 4992K [0x22aa0000, 0x23000000, 0x27ff0000)
  eden space 4480K, 100% used [0x22aa0000, 0x22f00000, 0x22f00000)
  from space 512K, 100% used [0x22f80000, 0x23000000, 0x23000000)
  to   space 512K,   0% used [0x22f00000, 0x22f00000, 0x22f80000)
 tenured generation   total 10944K, used 7802K [0x27ff0000, 0x28aa0000, 0x32aa0000)
   the space 10944K,  71% used [0x27ff0000, 0x2878e9b8, 0x2878ea00, 0x28aa0000)
 compacting perm gen  total 12288K, used 5952K [0x32aa0000, 0x336a0000, 0x36aa0000)
   the space 12288K,  48% used [0x32aa0000, 0x33070120, 0x33070200, 0x336a0000)
    ro space 10240K,  42% used [0x36aa0000, 0x36ee0348, 0x36ee0400, 0x374a0000)
    rw space 12288K,  54% used [0x374a0000, 0x37b206f0, 0x37b20800, 0x380a0000)
Event: 46.702 GC heap after
Heap after GC invocations=14 (full 1):
 def new generation   total 4992K, used 511K [0x22aa0000, 0x23000000, 0x27ff0000)
  eden space 4480K,   0% used [0x22aa0000, 0x22aa0000, 0x22f00000)
  from space 512K,  99% used [0x22f00000, 0x22f7fff8, 0x22f80000)
  to   space 512K,   0% used [0x22f80000, 0x22f80000, 0x23000000)
 tenured generation   total 10944K, used 7867K [0x27ff0000, 0x28aa0000, 0x32aa0000)
   the space 10944K,  71% used [0x27ff0000, 0x2879edf8, 0x2879ee00, 0x28aa0000)
 compacting perm gen  total 12288K, used 5952K [0x32aa0000, 0x336a0000, 0x36aa0000)
   the space 12288K,  48% used [0x32aa0000, 0x33070120, 0x33070200, 0x336a0000)
    ro space 10240K,  42% used [0x36aa0000, 0x36ee0348, 0x36ee0400, 0x374a0000)
    rw space 12288K,  54% used [0x374a0000, 0x37b206f0, 0x37b20800, 0x380a0000)
}
Event: 100.596 GC heap before
{Heap before GC invocations=14 (full 1):
 def new generation   total 4992K, used 4991K [0x22aa0000, 0x23000000, 0x27ff0000)
  eden space 4480K, 100% used [0x22aa0000, 0x22f00000, 0x22f00000)
  from space 512K,  99% used [0x22f00000, 0x22f7fff8, 0x22f80000)
  to   space 512K,   0% used [0x22f80000, 0x22f80000, 0x23000000)
 tenured generation   total 10944K, used 7867K [0x27ff0000, 0x28aa0000, 0x32aa0000)
   the space 10944K,  71% used [0x27ff0000, 0x2879edf8, 0x2879ee00, 0x28aa0000)
 compacting perm gen  total 12288K, used 5983K [0x32aa0000, 0x336a0000, 0x36aa0000)
   the space 12288K,  48% used [0x32aa0000, 0x33077dc0, 0x33077e00, 0x336a0000)
    ro space 10240K,  42% used [0x36aa0000, 0x36ee0348, 0x36ee0400, 0x374a0000)
    rw space 12288K,  54% used [0x374a0000, 0x37b206f0, 0x37b20800, 0x380a0000)
Event: 100.599 GC heap after
Heap after GC invocations=15 (full 1):
 def new generation   total 4992K, used 443K [0x22aa0000, 0x23000000, 0x27ff0000)
  eden space 4480K,   0% used [0x22aa0000, 0x22aa0000, 0x22f00000)
  from space 512K,  86% used [0x22f80000, 0x22feef40, 0x23000000)
  to   space 512K,   0% used [0x22f00000, 0x22f00000, 0x22f80000)
 tenured generation   total 10944K, used 7968K [0x27ff0000, 0x28aa0000, 0x32aa0000)
   the space 10944K,  72% used [0x27ff0000, 0x287b8140, 0x287b8200, 0x28aa0000)
 compacting perm gen  total 12288K, used 5983K [0x32aa0000, 0x336a0000, 0x36aa0000)
   the space 12288K,  48% used [0x32aa0000, 0x33077dc0, 0x33077e00, 0x336a0000)
    ro space 10240K,  42% used [0x36aa0000, 0x36ee0348, 0x36ee0400, 0x374a0000)
    rw space 12288K,  54% used [0x374a0000, 0x37b206f0, 0x37b20800, 0x380a0000)
}
Event: 183.956 GC heap before
{Heap before GC invocations=15 (full 1):
 def new generation   total 4992K, used 4923K [0x22aa0000, 0x23000000, 0x27ff0000)
  eden space 4480K, 100% used [0x22aa0000, 0x22f00000, 0x22f00000)
  from space 512K,  86% used [0x22f80000, 0x22feef40, 0x23000000)
  to   space 512K,   0% used [0x22f00000, 0x22f00000, 0x22f80000)
 tenured generation   total 10944K, used 7968K [0x27ff0000, 0x28aa0000, 0x32aa0000)
   the space 10944K,  72% used [0x27ff0000, 0x287b8140, 0x287b8200, 0x28aa0000)
 compacting perm gen  total 12288K, used 6022K [0x32aa0000, 0x336a0000, 0x36aa0000)
   the space 12288K,  49% used [0x32aa0000, 0x330819f8, 0x33081a00, 0x336a0000)
    ro space 10240K,  42% used [0x36aa0000, 0x36ee0348, 0x36ee0400, 0x374a0000)
    rw space 12288K,  54% used [0x374a0000, 0x37b206f0, 0x37b20800, 0x380a0000)
Event: 183.959 GC heap after
Heap after GC invocations=16 (full 1):
 def new generation   total 4992K, used 512K [0x22aa0000, 0x23000000, 0x27ff0000)
  eden space 4480K,   0% used [0x22aa0000, 0x22aa0000, 0x22f00000)
  from space 512K, 100% used [0x22f00000, 0x22f80000, 0x22f80000)
  to   space 512K,   0% used [0x22f80000, 0x22f80000, 0x23000000)
 tenured generation   total 10944K, used 8198K [0x27ff0000, 0x28aa0000, 0x32aa0000)
   the space 10944K,  74% used [0x27ff0000, 0x287f18c8, 0x287f1a00, 0x28aa0000)
 compacting perm gen  total 12288K, used 6022K [0x32aa0000, 0x336a0000, 0x36aa0000)
   the space 12288K,  49% used [0x32aa0000, 0x330819f8, 0x33081a00, 0x336a0000)
    ro space 10240K,  42% used [0x36aa0000, 0x36ee0348, 0x36ee0400, 0x374a0000)
    rw space 12288K,  54% used [0x374a0000, 0x37b206f0, 0x37b20800, 0x380a0000)
}
Event: 194.893 GC heap before
{Heap before GC invocations=16 (full 1):
 def new generation   total 4992K, used 4992K [0x22aa0000, 0x23000000, 0x27ff0000)
  eden space 4480K, 100% used [0x22aa0000, 0x22f00000, 0x22f00000)
  from space 512K, 100% used [0x22f00000, 0x22f80000, 0x22f80000)
  to   space 512K,   0% used [0x22f80000, 0x22f80000, 0x23000000)
 tenured generation   total 10944K, used 8198K [0x27ff0000, 0x28aa0000, 0x32aa0000)
   the space 10944K,  74% used [0x27ff0000, 0x287f18c8, 0x287f1a00, 0x28aa0000)
 compacting perm gen  total 12288K, used 6040K [0x32aa0000, 0x336a0000, 0x36aa0000)
   the space 12288K,  49% used [0x32aa0000, 0x33086068, 0x33086200, 0x336a0000)
    ro space 10240K,  42% used [0x36aa0000, 0x36ee0348, 0x36ee0400, 0x374a0000)
    rw space 12288K,  54% used [0x374a0000, 0x37b206f0, 0x37b20800, 0x380a0000)
Event: 194.897 GC heap after
Heap after GC invocations=17 (full 1):
 def new generation   total 4992K, used 512K [0x22aa0000, 0x23000000, 0x27ff0000)
  eden space 4480K,   0% used [0x22aa0000, 0x22aa0000, 0x22f00000)
  from space 512K, 100% used [0x22f80000, 0x23000000, 0x23000000)
  to   space 512K,   0% used [0x22f00000, 0x22f00000, 0x22f80000)
 tenured generation   total 10944K, used 8673K [0x27ff0000, 0x28aa0000, 0x32aa0000)
   the space 10944K,  79% used [0x27ff0000, 0x28868400, 0x28868400, 0x28aa0000)
 compacting perm gen  total 12288K, used 6040K [0x32aa0000, 0x336a0000, 0x36aa0000)
   the space 12288K,  49% used [0x32aa0000, 0x33086068, 0x33086200, 0x336a0000)
    ro space 10240K,  42% used [0x36aa0000, 0x36ee0348, 0x36ee0400, 0x374a0000)
    rw space 12288K,  54% used [0x374a0000, 0x37b206f0, 0x37b20800, 0x380a0000)
}

